*** Using Compiler 'V5.06 update 7 (build 960)', folder: 'D:\Keil_v5\ARM\ARMCC\Bin'
*** Note: Rebuilding project, since 'Options->Output->Create Batch File' is selected.
Rebuild target 'LED_Blink_FreeRTOS'
compiling debug_printf.c...
compiling gd32f1x0_it.c...
compiling main.c...
compiling systick.c...
assembling startup_gd32f1x0.s...
compiling system_gd32f1x0.c...
compiling gd32f1x0_exti.c...
compiling gd32f1x0_gpio.c...
compiling gd32f1x0_syscfg.c...
compiling gd32f1x0_usart.c...
compiling gd32f1x0_rcu.c...
compiling gd32f1x0_misc.c...
compiling gd32f1x0_timer.c...
compiling gd32f1x0r_eval.c...
compiling timers.c...
compiling tasks.c...
compiling queue.c...
compiling list.c...
compiling event_groups.c...
compiling croutine.c...
compiling stream_buffer.c...
compiling port.c...
compiling heap_4.c...
linking...
Program Size: Code=3768 RO-data=392 RW-data=212 ZI-data=4300  
".\Objects\led_blink_FreeRTOS.axf" - 0 Error(s), 0 Warning(s).
Build Time Elapsed:  00:00:07
